# JRE version: OpenJDK Runtime Environment Corretto-17.0.13.11.1 (17.0.13+11) (build 17.0.13+11-LTS)
# Java VM: OpenJDK 64-Bit Server VM Corretto-17.0.13.11.1 (17.0.13+11-LTS, mixed mode, sharing, tiered, compressed oops, compressed class ptrs, g1 gc, windows-amd64)
GC Precious Log:
 CPUs: 24 total, 24 available
 Memory: 31895M
 Large Page Support: Disabled
 NUMA Support: Disabled
 Compressed Oops: Enabled (Zero based)
 Heap Region Size: 4M
 Heap Min Capacity: 8M
 Heap Initial Capacity: 500M
 Heap Max Capacity: 7976M
 Pre-touch: Disabled
 Parallel Workers: 18
 Concurrent Workers: 5
 Concurrent Refinement Workers: 18
 Periodic GC: Disabled
Heap:
 garbage-first heap   total 69632K, used 23261K [0x000000060d800000, 0x0000000800000000)
  region size 4096K, 4 young (16384K), 1 survivors (4096K)
 Metaspace       used 38006K, committed 38464K, reserved 1114112K
  class space    used 4581K, committed 4800K, reserved 1048576K
GC Heap History (16 events):
Event: 0.285 GC heap before
{Heap before GC invocations=0 (full 0):
 garbage-first heap   total 512000K, used 24576K [0x000000060d800000, 0x0000000800000000)
  region size 4096K, 6 young (24576K), 0 survivors (0K)
 Metaspace       used 6016K, committed 6144K, reserved 1114112K
  class space    used 709K, committed 768K, reserved 1048576K
}
Event: 0.288 GC heap after
{Heap after GC invocations=1 (full 0):
 garbage-first heap   total 512000K, used 4650K [0x000000060d800000, 0x0000000800000000)
  region size 4096K, 1 young (4096K), 1 survivors (4096K)
 Metaspace       used 6016K, committed 6144K, reserved 1114112K
  class space    used 709K, committed 768K, reserved 1048576K
}
Event: 0.463 GC heap before
{Heap before GC invocations=1 (full 0):
 garbage-first heap   total 512000K, used 21034K [0x000000060d800000, 0x0000000800000000)
  region size 4096K, 6 young (24576K), 1 survivors (4096K)
 Metaspace       used 10577K, committed 10880K, reserved 1114112K
  class space    used 1324K, committed 1472K, reserved 1048576K
}
Event: 0.465 GC heap after
{Heap after GC invocations=2 (full 0):
 garbage-first heap   total 512000K, used 6213K [0x000000060d800000, 0x0000000800000000)
  region size 4096K, 1 young (4096K), 1 survivors (4096K)
 Metaspace       used 10577K, committed 10880K, reserved 1114112K
  class space    used 1324K, committed 1472K, reserved 1048576K
}
Event: 0.923 GC heap before
{Heap before GC invocations=2 (full 0):
 garbage-first heap   total 512000K, used 55365K [0x000000060d800000, 0x0000000800000000)
  region size 4096K, 13 young (53248K), 1 survivors (4096K)
 Metaspace       used 19386K, committed 19776K, reserved 1114112K
  class space    used 2429K, committed 2624K, reserved 1048576K
}
Event: 0.925 GC heap after
{Heap after GC invocations=3 (full 0):
 garbage-first heap   total 512000K, used 10127K [0x000000060d800000, 0x0000000800000000)
  region size 4096K, 2 young (8192K), 2 survivors (8192K)
 Metaspace       used 19386K, committed 19776K, reserved 1114112K
  class space    used 2429K, committed 2624K, reserved 1048576K
}
Event: 1.080 GC heap before
{Heap before GC invocations=3 (full 0):
 garbage-first heap   total 512000K, used 18319K [0x000000060d800000, 0x0000000800000000)
  region size 4096K, 5 young (20480K), 2 survivors (8192K)
 Metaspace       used 21173K, committed 21504K, reserved 1114112K
  class space    used 2652K, committed 2816K, reserved 1048576K
}
Event: 1.082 GC heap after
{Heap after GC invocations=4 (full 0):
 garbage-first heap   total 512000K, used 11267K [0x000000060d800000, 0x0000000800000000)
  region size 4096K, 2 young (8192K), 2 survivors (8192K)
 Metaspace       used 21173K, committed 21504K, reserved 1114112K
  class space    used 2652K, committed 2816K, reserved 1048576K
}
Event: 1.457 GC heap before
{Heap before GC invocations=5 (full 0):
 garbage-first heap   total 69632K, used 44035K [0x000000060d800000, 0x0000000800000000)
  region size 4096K, 10 young (40960K), 2 survivors (8192K)
 Metaspace       used 28096K, committed 28608K, reserved 1114112K
  class space    used 3551K, committed 3776K, reserved 1048576K
}
Event: 1.460 GC heap after
{Heap after GC invocations=6 (full 0):
 garbage-first heap   total 69632K, used 14518K [0x000000060d800000, 0x0000000800000000)
  region size 4096K, 2 young (8192K), 2 survivors (8192K)
 Metaspace       used 28096K, committed 28608K, reserved 1114112K
  class space    used 3551K, committed 3776K, reserved 1048576K
}
Event: 1.473 GC heap before
{Heap before GC invocations=6 (full 0):
 garbage-first heap   total 69632K, used 18614K [0x000000060d800000, 0x0000000800000000)
  region size 4096K, 3 young (12288K), 2 survivors (8192K)
 Metaspace       used 28228K, committed 28672K, reserved 1114112K
  class space    used 3561K, committed 3776K, reserved 1048576K
}
Event: 1.475 GC heap after
{Heap after GC invocations=7 (full 0):
 garbage-first heap   total 69632K, used 15752K [0x000000060d800000, 0x0000000800000000)
  region size 4096K, 1 young (4096K), 1 survivors (4096K)
 Metaspace       used 28228K, committed 28672K, reserved 1114112K
  class space    used 3561K, committed 3776K, reserved 1048576K
}
Event: 6.155 GC heap before
{Heap before GC invocations=7 (full 0):
 garbage-first heap   total 69632K, used 44424K [0x000000060d800000, 0x0000000800000000)
  region size 4096K, 8 young (32768K), 1 survivors (4096K)
 Metaspace       used 35517K, committed 35968K, reserved 1114112K
  class space    used 4451K, committed 4672K, reserved 1048576K
}
Event: 6.158 GC heap after
{Heap after GC invocations=8 (full 0):
 garbage-first heap   total 69632K, used 18093K [0x000000060d800000, 0x0000000800000000)
  region size 4096K, 1 young (4096K), 1 survivors (4096K)
 Metaspace       used 35517K, committed 35968K, reserved 1114112K
  class space    used 4451K, committed 4672K, reserved 1048576K
}
Event: 6.178 GC heap before
{Heap before GC invocations=8 (full 0):
 garbage-first heap   total 69632K, used 26285K [0x000000060d800000, 0x0000000800000000)
  region size 4096K, 5 young (20480K), 1 survivors (4096K)
 Metaspace       used 35558K, committed 35968K, reserved 1114112K
  class space    used 4452K, committed 4672K, reserved 1048576K
}
Event: 6.180 GC heap after
{Heap after GC invocations=9 (full 0):
 garbage-first heap   total 69632K, used 19165K [0x000000060d800000, 0x0000000800000000)
  region size 4096K, 1 young (4096K), 1 survivors (4096K)
 Metaspace       used 35558K, committed 35968K, reserved 1114112K
  class space    used 4452K, committed 4672K, reserved 1048576K
}

